<?xml version="1.0" encoding="UTF-8"?>
<!-- Generated by org.testng.reporters.JUnitReportReporter -->
<testsuite hostname="DESKTOP-V4L597I" failures="0" tests="1" name="com.Test.Test_1" time="95.258" errors="0" timestamp="2022-12-19T16:01:12 IST" skipped="0">
  <testcase classname="com.Test.Test_1" name="verify_Loginpage" time="95.258"/>
  <system-out/>
</testsuite> <!-- com.Test.Test_1 -->
